# JRE version: OpenJDK Runtime Environment (17.0.9) (build 17.0.9+0-17.0.9b1087.7-11185874)
# Java VM: OpenJDK 64-Bit Server VM (17.0.9+0-17.0.9b1087.7-11185874, mixed mode, tiered, compressed oops, compressed class ptrs, g1 gc, linux-amd64)
GC Precious Log:
 CPUs: 16 total, 12 available
 Memory: 13817M
 Large Page Support: Disabled
 NUMA Support: Disabled
 Compressed Oops: Enabled (32-bit)
 Heap Region Size: 1M
 Heap Min Capacity: 8M
 Heap Initial Capacity: 216M
 Heap Max Capacity: 2G
 Pre-touch: Disabled
 Parallel Workers: 10
 Concurrent Workers: 3
 Concurrent Refinement Workers: 10
 Periodic GC: Disabled
Heap:
 garbage-first heap   total 68608K, used 48800K [0x0000000080000000, 0x0000000100000000)
  region size 1024K, 29 young (29696K), 3 survivors (3072K)
 Metaspace       used 33496K, committed 33792K, reserved 1114112K
  class space    used 4598K, committed 4736K, reserved 1048576K
GC Heap History (11 events):
Event: 0,326 GC heap before
{Heap before GC invocations=0 (full 0):
 garbage-first heap   total 221184K, used 26624K [0x0000000080000000, 0x0000000100000000)
  region size 1024K, 23 young (23552K), 0 survivors (0K)
 Metaspace       used 10476K, committed 10688K, reserved 1114112K
  class space    used 1097K, committed 1216K, reserved 1048576K
}
Event: 0,329 GC heap after
{Heap after GC invocations=1 (full 0):
 garbage-first heap   total 221184K, used 10544K [0x0000000080000000, 0x0000000100000000)
  region size 1024K, 3 young (3072K), 3 survivors (3072K)
 Metaspace       used 10476K, committed 10688K, reserved 1114112K
  class space    used 1097K, committed 1216K, reserved 1048576K
}
Event: 0,466 GC heap before
{Heap before GC invocations=1 (full 0):
 garbage-first heap   total 221184K, used 39216K [0x0000000080000000, 0x0000000100000000)
  region size 1024K, 31 young (31744K), 3 survivors (3072K)
 Metaspace       used 11961K, committed 12160K, reserved 1114112K
  class space    used 1277K, committed 1344K, reserved 1048576K
}
Event: 0,469 GC heap after
{Heap after GC invocations=2 (full 0):
 garbage-first heap   total 221184K, used 15210K [0x0000000080000000, 0x0000000100000000)
  region size 1024K, 4 young (4096K), 4 survivors (4096K)
 Metaspace       used 11961K, committed 12160K, reserved 1114112K
  class space    used 1277K, committed 1344K, reserved 1048576K
}
Event: 0,826 GC heap before
{Heap before GC invocations=2 (full 0):
 garbage-first heap   total 221184K, used 49002K [0x0000000080000000, 0x0000000100000000)
  region size 1024K, 38 young (38912K), 4 survivors (4096K)
 Metaspace       used 21337K, committed 21504K, reserved 1114112K
  class space    used 2543K, committed 2624K, reserved 1048576K
}
Event: 0,829 GC heap after
{Heap after GC invocations=3 (full 0):
 garbage-first heap   total 221184K, used 18855K [0x0000000080000000, 0x0000000100000000)
  region size 1024K, 8 young (8192K), 8 survivors (8192K)
 Metaspace       used 21337K, committed 21504K, reserved 1114112K
  class space    used 2543K, committed 2624K, reserved 1048576K
}
Event: 1,119 GC heap before
{Heap before GC invocations=4 (full 0):
 garbage-first heap   total 68608K, used 51623K [0x0000000080000000, 0x0000000100000000)
  region size 1024K, 42 young (43008K), 8 survivors (8192K)
 Metaspace       used 26391K, committed 26624K, reserved 1114112K
  class space    used 3445K, committed 3584K, reserved 1048576K
}
Event: 1,122 GC heap after
{Heap after GC invocations=5 (full 0):
 garbage-first heap   total 68608K, used 20192K [0x0000000080000000, 0x0000000100000000)
  region size 1024K, 9 young (9216K), 9 survivors (9216K)
 Metaspace       used 26391K, committed 26624K, reserved 1114112K
  class space    used 3445K, committed 3584K, reserved 1048576K
}
Event: 1,346 GC heap before
{Heap before GC invocations=5 (full 0):
 garbage-first heap   total 68608K, used 46816K [0x0000000080000000, 0x0000000100000000)
  region size 1024K, 36 young (36864K), 9 survivors (9216K)
 Metaspace       used 30302K, committed 30656K, reserved 1114112K
  class space    used 4079K, committed 4224K, reserved 1048576K
}
Event: 1,350 GC heap after
{Heap after GC invocations=6 (full 0):
 garbage-first heap   total 68608K, used 22176K [0x0000000080000000, 0x0000000100000000)
  region size 1024K, 4 young (4096K), 4 survivors (4096K)
 Metaspace       used 30302K, committed 30656K, reserved 1114112K
  class space    used 4079K, committed 4224K, reserved 1048576K
}
Event: 1,532 GC heap before
{Heap before GC invocations=6 (full 0):
 garbage-first heap   total 68608K, used 48800K [0x0000000080000000, 0x0000000100000000)
  region size 1024K, 30 young (30720K), 4 survivors (4096K)
 Metaspace       used 33496K, committed 33792K, reserved 1114112K
  class space    used 4598K, committed 4736K, reserved 1048576K
}

