# JRE version: OpenJDK Runtime Environment (17.0.9) (build 17.0.9+0-17.0.9b1087.7-11185874)
# Java VM: OpenJDK 64-Bit Server VM (17.0.9+0-17.0.9b1087.7-11185874, mixed mode, tiered, compressed oops, compressed class ptrs, g1 gc, linux-amd64)
GC Precious Log:
 CPUs: 16 total, 12 available
 Memory: 13817M
 Large Page Support: Disabled
 NUMA Support: Disabled
 Compressed Oops: Enabled (32-bit)
 Heap Region Size: 1M
 Heap Min Capacity: 8M
 Heap Initial Capacity: 216M
 Heap Max Capacity: 2G
 Pre-touch: Disabled
 Parallel Workers: 10
 Concurrent Workers: 3
 Concurrent Refinement Workers: 10
 Periodic GC: Disabled
Heap:
 garbage-first heap   total 250880K, used 208559K [0x0000000080000000, 0x0000000100000000)
  region size 1024K, 90 young (92160K), 7 survivors (7168K)
 Metaspace       used 114827K, committed 115648K, reserved 1179648K
  class space    used 15807K, committed 16192K, reserved 1048576K
GC Heap History (20 events):
Event: 6,131 GC heap after
{Heap after GC invocations=29 (full 0):
 garbage-first heap   total 183296K, used 83798K [0x0000000080000000, 0x0000000100000000)
  region size 1024K, 5 young (5120K), 5 survivors (5120K)
 Metaspace       used 81689K, committed 82368K, reserved 1179648K
  class space    used 11071K, committed 11392K, reserved 1048576K
}
Event: 6,606 GC heap before
{Heap before GC invocations=29 (full 0):
 garbage-first heap   total 183296K, used 143190K [0x0000000080000000, 0x0000000100000000)
  region size 1024K, 63 young (64512K), 5 survivors (5120K)
 Metaspace       used 87062K, committed 87744K, reserved 1179648K
  class space    used 11802K, committed 12096K, reserved 1048576K
}
Event: 6,609 GC heap after
{Heap after GC invocations=30 (full 0):
 garbage-first heap   total 183296K, used 86880K [0x0000000080000000, 0x0000000100000000)
  region size 1024K, 8 young (8192K), 8 survivors (8192K)
 Metaspace       used 87062K, committed 87744K, reserved 1179648K
  class space    used 11802K, committed 12096K, reserved 1048576K
}
Event: 6,866 GC heap before
{Heap before GC invocations=30 (full 0):
 garbage-first heap   total 183296K, used 146272K [0x0000000080000000, 0x0000000100000000)
  region size 1024K, 66 young (67584K), 8 survivors (8192K)
 Metaspace       used 89297K, committed 89920K, reserved 1179648K
  class space    used 12099K, committed 12416K, reserved 1048576K
}
Event: 6,869 GC heap after
{Heap after GC invocations=31 (full 0):
 garbage-first heap   total 183296K, used 91351K [0x0000000080000000, 0x0000000100000000)
  region size 1024K, 8 young (8192K), 8 survivors (8192K)
 Metaspace       used 89297K, committed 89920K, reserved 1179648K
  class space    used 12099K, committed 12416K, reserved 1048576K
}
Event: 6,921 GC heap before
{Heap before GC invocations=31 (full 0):
 garbage-first heap   total 183296K, used 102615K [0x0000000080000000, 0x0000000100000000)
  region size 1024K, 20 young (20480K), 8 survivors (8192K)
 Metaspace       used 90097K, committed 90688K, reserved 1179648K
  class space    used 12209K, committed 12480K, reserved 1048576K
}
Event: 6,925 GC heap after
{Heap after GC invocations=32 (full 0):
 garbage-first heap   total 183296K, used 92523K [0x0000000080000000, 0x0000000100000000)
  region size 1024K, 6 young (6144K), 6 survivors (6144K)
 Metaspace       used 90097K, committed 90688K, reserved 1179648K
  class space    used 12209K, committed 12480K, reserved 1048576K
}
Event: 7,324 GC heap before
{Heap before GC invocations=33 (full 0):
 garbage-first heap   total 183296K, used 150891K [0x0000000080000000, 0x0000000100000000)
  region size 1024K, 62 young (63488K), 6 survivors (6144K)
 Metaspace       used 94120K, committed 94720K, reserved 1179648K
  class space    used 12972K, committed 13248K, reserved 1048576K
}
Event: 7,327 GC heap after
{Heap after GC invocations=34 (full 0):
 garbage-first heap   total 183296K, used 94192K [0x0000000080000000, 0x0000000100000000)
  region size 1024K, 3 young (3072K), 3 survivors (3072K)
 Metaspace       used 94120K, committed 94720K, reserved 1179648K
  class space    used 12972K, committed 13248K, reserved 1048576K
}
Event: 7,353 GC heap before
{Heap before GC invocations=34 (full 0):
 garbage-first heap   total 183296K, used 98288K [0x0000000080000000, 0x0000000100000000)
  region size 1024K, 8 young (8192K), 3 survivors (3072K)
 Metaspace       used 94472K, committed 95104K, reserved 1179648K
  class space    used 13020K, committed 13312K, reserved 1048576K
}
Event: 7,355 GC heap after
{Heap after GC invocations=35 (full 0):
 garbage-first heap   total 183296K, used 92841K [0x0000000080000000, 0x0000000100000000)
  region size 1024K, 1 young (1024K), 1 survivors (1024K)
 Metaspace       used 94472K, committed 95104K, reserved 1179648K
  class space    used 13020K, committed 13312K, reserved 1048576K
}
Event: 7,736 GC heap before
{Heap before GC invocations=35 (full 0):
 garbage-first heap   total 183296K, used 152233K [0x0000000080000000, 0x0000000100000000)
  region size 1024K, 59 young (60416K), 1 survivors (1024K)
 Metaspace       used 99007K, committed 99712K, reserved 1179648K
  class space    used 13706K, committed 14016K, reserved 1048576K
}
Event: 7,739 GC heap after
{Heap after GC invocations=36 (full 0):
 garbage-first heap   total 250880K, used 95484K [0x0000000080000000, 0x0000000100000000)
  region size 1024K, 4 young (4096K), 4 survivors (4096K)
 Metaspace       used 99007K, committed 99712K, reserved 1179648K
  class space    used 13706K, committed 14016K, reserved 1048576K
}
Event: 8,561 GC heap before
{Heap before GC invocations=37 (full 0):
 garbage-first heap   total 250880K, used 210172K [0x0000000080000000, 0x0000000100000000)
  region size 1024K, 112 young (114688K), 4 survivors (4096K)
 Metaspace       used 107924K, committed 108672K, reserved 1179648K
  class space    used 14838K, committed 15168K, reserved 1048576K
}
Event: 8,567 GC heap after
{Heap after GC invocations=38 (full 0):
 garbage-first heap   total 250880K, used 103741K [0x0000000080000000, 0x0000000100000000)
  region size 1024K, 12 young (12288K), 12 survivors (12288K)
 Metaspace       used 107924K, committed 108672K, reserved 1179648K
  class space    used 14838K, committed 15168K, reserved 1048576K
}
Event: 8,577 GC heap before
{Heap before GC invocations=38 (full 0):
 garbage-first heap   total 250880K, used 104765K [0x0000000080000000, 0x0000000100000000)
  region size 1024K, 13 young (13312K), 12 survivors (12288K)
 Metaspace       used 108002K, committed 108736K, reserved 1179648K
  class space    used 14852K, committed 15168K, reserved 1048576K
}
Event: 8,583 GC heap after
{Heap after GC invocations=39 (full 0):
 garbage-first heap   total 250880K, used 104457K [0x0000000080000000, 0x0000000100000000)
  region size 1024K, 2 young (2048K), 2 survivors (2048K)
 Metaspace       used 108002K, committed 108736K, reserved 1179648K
  class space    used 14852K, committed 15168K, reserved 1048576K
}
Event: 9,149 GC heap before
{Heap before GC invocations=39 (full 0):
 garbage-first heap   total 250880K, used 204809K [0x0000000080000000, 0x0000000100000000)
  region size 1024K, 99 young (101376K), 2 survivors (2048K)
 Metaspace       used 111387K, committed 112192K, reserved 1179648K
  class space    used 15421K, committed 15808K, reserved 1048576K
}
Event: 9,153 GC heap after
{Heap after GC invocations=40 (full 0):
 garbage-first heap   total 250880K, used 115375K [0x0000000080000000, 0x0000000100000000)
  region size 1024K, 12 young (12288K), 12 survivors (12288K)
 Metaspace       used 111387K, committed 112192K, reserved 1179648K
  class space    used 15421K, committed 15808K, reserved 1048576K
}
Event: 9,726 GC heap before
{Heap before GC invocations=40 (full 0):
 garbage-first heap   total 250880K, used 207535K [0x0000000080000000, 0x0000000100000000)
  region size 1024K, 95 young (97280K), 12 survivors (12288K)
 Metaspace       used 114827K, committed 115648K, reserved 1179648K
  class space    used 15807K, committed 16192K, reserved 1048576K
}

